==23681== Memcheck, a memory error detector
==23681== Copyright (C) 2002-2012, and GNU GPL'd, by Julian Seward et al.
==23681== Using Valgrind-3.8.1 and LibVEX; rerun with -h for copyright info
==23681== Command: ./pa01
==23681== Parent PID: 10324
==23681== 
--23681-- 
--23681-- Valgrind options:
--23681--    --tool=memcheck
--23681--    --leak-check=full
--23681--    --verbose
--23681--    --log-file=memcheck.log
--23681-- Contents of /proc/version:
--23681--   Linux version 2.6.32-504.23.4.el6.x86_64 (mockbuild@x86-029.build.eng.bos.redhat.com) (gcc version 4.4.7 20120313 (Red Hat 4.4.7-9) (GCC) ) #1 SMP Fri May 29 10:16:43 EDT 2015
--23681-- Arch and hwcaps: AMD64, amd64-sse3-cx16
--23681-- Page sizes: currently 4096, max supported 4096
--23681-- Valgrind library directory: /usr/lib64/valgrind
--23681-- Reading syms from /home/shay/b/vkarthi/ECE264/solutions/ECE-264/PA01/pa01
--23681-- Reading syms from /usr/lib64/valgrind/memcheck-amd64-linux
--23681--    object doesn't have a dynamic symbol table
--23681-- Reading syms from /lib64/ld-2.12.so
--23681--   Considering /usr/lib/debug/.build-id/5b/eb2450b75e84ff317c65f22af8b8112c25df63.debug ..
--23681--   .. build-id is valid
--23681-- Scheduler: using generic scheduler lock implementation.
--23681-- Reading suppressions file: /usr/lib64/valgrind/default.supp
==23681== embedded gdbserver: reading from /tmp/vgdb-pipe-from-vgdb-to-23681-by-vkarthi-on-ecegrid-thin3.ecn.purdue.edu
==23681== embedded gdbserver: writing to   /tmp/vgdb-pipe-to-vgdb-from-23681-by-vkarthi-on-ecegrid-thin3.ecn.purdue.edu
==23681== embedded gdbserver: shared mem   /tmp/vgdb-pipe-shared-mem-vgdb-23681-by-vkarthi-on-ecegrid-thin3.ecn.purdue.edu
==23681== 
==23681== TO CONTROL THIS PROCESS USING vgdb (which you probably
==23681== don't want to do, unless you know exactly what you're doing,
==23681== or are doing some strange experiment):
==23681==   /usr/lib64/valgrind/../../bin/vgdb --pid=23681 ...command...
==23681== 
==23681== TO DEBUG THIS PROCESS USING GDB: start GDB like this
==23681==   /path/to/gdb ./pa01
==23681== and then give GDB the following command
==23681==   target remote | /usr/lib64/valgrind/../../bin/vgdb --pid=23681
==23681== --pid is optional if only one valgrind process is running
==23681== 
--23681-- REDIR: 0x3fa7a176d0 (strlen) redirected to 0x38049551 (vgPlain_amd64_linux_REDIR_FOR_strlen)
--23681-- Reading syms from /usr/lib64/valgrind/vgpreload_core-amd64-linux.so
--23681-- Reading syms from /usr/lib64/valgrind/vgpreload_memcheck-amd64-linux.so
--23681-- REDIR: 0x3fa7a174e0 (index) redirected to 0x4a07c30 (index)
--23681-- REDIR: 0x3fa7a17560 (strcmp) redirected to 0x4a08570 (strcmp)
--23681-- Reading syms from /lib64/libc-2.12.so
--23681--   Considering /usr/lib/debug/.build-id/c7/df056b7c109a41096296cd70702f2eada124b0.debug ..
--23681--   .. build-id is valid
--23681-- REDIR: 0x3fa7e84cd0 (strcasecmp) redirected to 0x480155c (_vgnU_ifunc_wrapper)
--23681-- REDIR: 0x3fa7e86f90 (strncasecmp) redirected to 0x480155c (_vgnU_ifunc_wrapper)
--23681-- REDIR: 0x3fa7e82c40 (__GI_strrchr) redirected to 0x4a07ab0 (__GI_strrchr)
--23681-- REDIR: 0x3fa7e7b520 (free) redirected to 0x4a063a9 (free)
==23681== 
==23681== HEAP SUMMARY:
==23681==     in use at exit: 0 bytes in 0 blocks
==23681==   total heap usage: 0 allocs, 0 frees, 0 bytes allocated
==23681== 
==23681== All heap blocks were freed -- no leaks are possible
==23681== 
==23681== ERROR SUMMARY: 0 errors from 0 contexts (suppressed: 6 from 6)
--23681-- 
--23681-- used_suppression:      4 U1004-ARM-_dl_relocate_object
--23681-- used_suppression:      2 glibc-2.5.x-on-SUSE-10.2-(PPC)-2a
==23681== 
==23681== ERROR SUMMARY: 0 errors from 0 contexts (suppressed: 6 from 6)
