==6970== Memcheck, a memory error detector
==6970== Copyright (C) 2002-2012, and GNU GPL'd, by Julian Seward et al.
==6970== Using Valgrind-3.8.1 and LibVEX; rerun with -h for copyright info
==6970== Command: ./echo-lite Say Cheese
==6970== Parent PID: 7335
==6970== 
--6970-- 
--6970-- Valgrind options:
--6970--    --tool=memcheck
--6970--    --leak-check=full
--6970--    --verbose
--6970--    --log-file=memcheck.log
--6970-- Contents of /proc/version:
--6970--   Linux version 2.6.32-504.23.4.el6.x86_64 (mockbuild@x86-029.build.eng.bos.redhat.com) (gcc version 4.4.7 20120313 (Red Hat 4.4.7-9) (GCC) ) #1 SMP Fri May 29 10:16:43 EDT 2015
--6970-- Arch and hwcaps: AMD64, amd64-sse3-cx16
--6970-- Page sizes: currently 4096, max supported 4096
--6970-- Valgrind library directory: /usr/lib64/valgrind
--6970-- Reading syms from /home/shay/b/vkarthi/ECE264/solutions/ECE-264/PA03/echo-lite
--6970-- Reading syms from /usr/lib64/valgrind/memcheck-amd64-linux
--6970--    object doesn't have a dynamic symbol table
--6970-- Reading syms from /lib64/ld-2.12.so
--6970--   Considering /usr/lib/debug/.build-id/5b/eb2450b75e84ff317c65f22af8b8112c25df63.debug ..
--6970--   .. build-id is valid
--6970-- Scheduler: using generic scheduler lock implementation.
--6970-- Reading suppressions file: /usr/lib64/valgrind/default.supp
==6970== embedded gdbserver: reading from /tmp/vgdb-pipe-from-vgdb-to-6970-by-vkarthi-on-ecegrid-thin3.ecn.purdue.edu
==6970== embedded gdbserver: writing to   /tmp/vgdb-pipe-to-vgdb-from-6970-by-vkarthi-on-ecegrid-thin3.ecn.purdue.edu
==6970== embedded gdbserver: shared mem   /tmp/vgdb-pipe-shared-mem-vgdb-6970-by-vkarthi-on-ecegrid-thin3.ecn.purdue.edu
==6970== 
==6970== TO CONTROL THIS PROCESS USING vgdb (which you probably
==6970== don't want to do, unless you know exactly what you're doing,
==6970== or are doing some strange experiment):
==6970==   /usr/lib64/valgrind/../../bin/vgdb --pid=6970 ...command...
==6970== 
==6970== TO DEBUG THIS PROCESS USING GDB: start GDB like this
==6970==   /path/to/gdb ./echo-lite
==6970== and then give GDB the following command
==6970==   target remote | /usr/lib64/valgrind/../../bin/vgdb --pid=6970
==6970== --pid is optional if only one valgrind process is running
==6970== 
--6970-- REDIR: 0x3fa7a176d0 (strlen) redirected to 0x38049551 (vgPlain_amd64_linux_REDIR_FOR_strlen)
--6970-- Reading syms from /usr/lib64/valgrind/vgpreload_core-amd64-linux.so
--6970-- Reading syms from /usr/lib64/valgrind/vgpreload_memcheck-amd64-linux.so
--6970-- REDIR: 0x3fa7a174e0 (index) redirected to 0x4a07c30 (index)
--6970-- REDIR: 0x3fa7a17560 (strcmp) redirected to 0x4a08570 (strcmp)
--6970-- Reading syms from /lib64/libc-2.12.so
--6970--   Considering /usr/lib/debug/.build-id/c7/df056b7c109a41096296cd70702f2eada124b0.debug ..
--6970--   .. build-id is valid
--6970-- REDIR: 0x3fa7e84cd0 (strcasecmp) redirected to 0x480155c (_vgnU_ifunc_wrapper)
--6970-- REDIR: 0x3fa7e86f90 (strncasecmp) redirected to 0x480155c (_vgnU_ifunc_wrapper)
--6970-- REDIR: 0x3fa7e82c40 (__GI_strrchr) redirected to 0x4a07ab0 (__GI_strrchr)
--6970-- REDIR: 0x3fa7e8aaf0 (strchrnul) redirected to 0x4a09fb0 (strchrnul)
--6970-- REDIR: 0x3fa7e7b520 (free) redirected to 0x4a063a9 (free)
==6970== 
==6970== HEAP SUMMARY:
==6970==     in use at exit: 0 bytes in 0 blocks
==6970==   total heap usage: 0 allocs, 0 frees, 0 bytes allocated
==6970== 
==6970== All heap blocks were freed -- no leaks are possible
==6970== 
==6970== ERROR SUMMARY: 0 errors from 0 contexts (suppressed: 6 from 6)
--6970-- 
--6970-- used_suppression:      4 U1004-ARM-_dl_relocate_object
--6970-- used_suppression:      2 glibc-2.5.x-on-SUSE-10.2-(PPC)-2a
==6970== 
==6970== ERROR SUMMARY: 0 errors from 0 contexts (suppressed: 6 from 6)
